2025-04-19 20:53:22,204 - INFO - API running on port: 5000
2025-04-19 21:01:01,669 - INFO - API running on port: 5000
2025-04-19 22:28:18,853 - INFO - API running on port: 5000
2025-04-19 22:28:50,639 - INFO - server request status send ok
2025-04-19 22:29:27,047 - INFO - server request status send ok
2025-04-19 22:30:03,349 - INFO - server request status send ok
2025-04-19 22:30:13,120 - INFO - Lista de usuarios solicitada por 1 - awalker
2025-04-19 22:34:17,497 - INFO - API running on port: 5000
2025-04-19 22:34:25,483 - INFO - API running on port: 5000
2025-04-19 22:34:28,099 - ERROR - Se intento solicitar una lista de usuario error: Signature verification failed
2025-04-19 22:35:45,314 - ERROR - Se intento solicitar una lista de usuario error: Signature verification failed
2025-04-19 22:35:47,810 - ERROR - Se intento solicitar una lista de usuario error: Signature verification failed
2025-04-19 22:36:19,176 - INFO - Lista de usuarios solicitada por 1 - awalker
2025-04-19 22:39:02,519 - INFO - API running on port: 5000
2025-04-19 22:39:14,139 - ERROR - Se intento solicitar una lista de usuario error: User marcado como borrado
2025-04-19 22:41:39,066 - INFO - API running on port: 5000
2025-04-19 22:41:41,716 - WARNING - Se intento solicitar una lista de usuario por 8 - light_yagami sin autorizacion
2025-04-19 22:44:06,275 - INFO - API running on port: 5000
2025-04-19 22:44:11,911 - WARNING - Se intento solicitar una lista de usuario por 8 - light_yagami sin autorizacion
2025-04-19 22:44:21,868 - ERROR - Se intento solicitar una lista de usuario por 7 - luffy_d_monkey error: User marcado como borrado
2025-04-19 22:47:34,092 - INFO - API running on port: 5000
2025-04-19 22:48:02,109 - ERROR - Se intento solicitar una lista de usuario por 7 - luffy_d_monkey error: User marcado como borrado
2025-04-19 22:48:46,402 - INFO - API running on port: 5000
2025-04-19 22:48:51,753 - ERROR - Se intento solicitar una lista de usuario por error: Signature verification failed
2025-04-19 22:51:01,584 - INFO - API running on port: 5000
2025-04-19 22:51:03,358 - ERROR - Se intento solicitar una lista de usuario error: Signature verification failed
2025-04-19 22:51:13,788 - INFO - Lista de usuarios solicitada por 1 - awalker
2025-04-19 22:51:23,679 - WARNING - Se intento solicitar una lista de usuario por 8 - light_yagami sin autorizacion
2025-04-19 22:51:33,224 - ERROR - Se intento solicitar una lista de usuario error: User marcado como borrado
2025-04-19 22:51:46,476 - INFO - Lista de usuarios solicitada por 1 - awalker
2025-04-19 22:52:17,014 - INFO - Lista de usuarios solicitada por 1 - awalker
2025-04-19 22:52:50,116 - INFO - Se consulto informacion del usuario 1 - awalker solicitada por 1 - awalker
2025-04-19 22:53:21,703 - INFO - Se consulto informacion del usuario 8 - light_yagami solicitada por 1 - awalker
2025-04-19 22:56:05,793 - INFO - API running on port: 5000
2025-04-19 22:56:08,813 - INFO - Se consulta usuario con el tipo de busqueda id y el parametro 1 solicitada por 1 - awalker
2025-04-19 22:56:08,815 - INFO - Se consulto informacion del usuario 1 - awalker solicitada por 1 - awalker
2025-04-19 22:56:27,812 - INFO - Se consulta usuario con el tipo de busqueda id y el parametro 7 solicitada por 1 - awalker
2025-04-19 22:56:27,813 - INFO - Se consulto informacion del usuario 7 - luffy_d_monkey solicitada por 1 - awalker
2025-04-19 22:56:44,856 - INFO - Se consulta usuario con el tipo de busqueda username y el parametro light_yagami solicitada por 1 - awalker
2025-04-19 22:56:44,857 - INFO - Se consulto informacion del usuario 8 - light_yagami solicitada por 1 - awalker
2025-04-19 22:58:41,683 - INFO - API running on port: 5000
2025-04-19 22:58:51,885 - INFO - Se consulta usuario con el tipo de busqueda id y el parametro 57 solicitada por 1 - awalker
2025-04-19 22:58:51,885 - ERROR - la busqueda del usuario no arrojo resultados
2025-04-19 22:59:21,709 - INFO - Se consulta usuario con el tipo de busqueda username y el parametro light_yagami_eee solicitada por 1 - awalker
2025-04-19 22:59:21,710 - ERROR - la busqueda del usuario no arrojo resultados
2025-04-19 22:59:33,752 - INFO - Se consulta usuario con el tipo de busqueda username y el parametro light_yagami solicitada por 1 - awalker
2025-04-19 22:59:33,753 - INFO - Se consulto informacion del usuario 8 - light_yagami solicitada por 1 - awalker
2025-04-19 22:59:43,830 - INFO - Se consulta usuario con el tipo de busqueda id y el parametro 7 solicitada por 1 - awalker
2025-04-19 22:59:43,831 - INFO - Se consulto informacion del usuario 7 - luffy_d_monkey solicitada por 1 - awalker
2025-04-19 23:00:12,238 - ERROR - Se intento consultar informacion del usuario id - 7 error: Signature verification failed
2025-04-19 23:00:41,990 - WARNING - Se intento consultar informacion del usuario id - 7 por 8 - light_yagami sin autorizacion
2025-04-19 23:03:36,616 - INFO - API running on port: 5000
2025-04-19 23:03:47,122 - ERROR - usuario: test_1 con el id:10 ya se encuentra registrado
2025-04-19 23:04:27,370 - ERROR - se intento registrar un usuario error: Signature verification failed
2025-04-19 23:04:52,889 - ERROR - se intento registrar un usuario error: User marcado como borrado
2025-04-19 23:05:13,378 - WARNING - se intento registrar un usuario por 8 - light_yagami sin autorizacion
2025-04-19 23:05:42,191 - ERROR - se intento registrar un usuario error: Signature verification failed
2025-04-19 23:05:54,424 - INFO - Usuario id: 11 - test_2 registrado  por 1 - awalker
2025-04-19 23:06:12,349 - ERROR - usuario: test_2 con el id:11 ya se encuentra registrado
2025-04-19 23:18:01,792 - INFO - API running on port: 5000
2025-04-19 23:18:02,917 - ERROR - usuario: naruto_uzumaki con el id:2 ya se encuentra registrado
2025-04-19 23:18:02,919 - ERROR - usuario: sakura_haruno con el id:3 ya se encuentra registrado
2025-04-19 23:18:02,921 - ERROR - usuario: eren_jaeger con el id:4 ya se encuentra registrado
2025-04-19 23:18:02,923 - ERROR - usuario: mikasa_ackerman con el id:5 ya se encuentra registrado
2025-04-19 23:18:02,925 - ERROR - usuario: goku_saiyan con el id:6 ya se encuentra registrado
2025-04-19 23:18:02,928 - ERROR - usuario: luffy_d_monkey con el id:7 ya se encuentra registrado
2025-04-19 23:18:02,931 - ERROR - usuario: light_yagami con el id:8 ya se encuentra registrado
2025-04-19 23:29:41,074 - INFO - API running on port: 5000
2025-04-19 23:29:46,435 - WARNING - Se valida un token para el usuario id 7 luffy_d_monkey usuario con condicion borrado
2025-04-19 23:29:55,220 - WARNING - Se valida un token para el usuario id 2 naruto_uzumaki usuario con condicion borrado
2025-04-19 23:30:29,383 - INFO - Se valida un token para el usuario id 8 light_yagami satisfactoriamente
2025-04-20 00:10:17,894 - INFO - API running on port: 5000
2025-04-20 00:11:55,336 - WARNING - Se intento solicitar el log por 8 - light_yagami sin autorizacion
2025-04-20 00:12:15,895 - INFO - Solicitud del log por 1 - awalker
2025-04-20 00:12:45,733 - INFO - Solicitud del log por 1 - awalker
2025-04-20 00:21:42,880 - WARNING - Se intento solicitar el log por 8 - light_yagami sin autorizacion
2025-04-20 01:36:08,037 - INFO - API running on port: 5000
2025-04-20 01:36:40,369 - INFO - archivo insumo_ccerac_old.txt recibido enviado por 8 light_yagami
2025-04-20 13:00:19,934 - INFO - API running on port: 5000
2025-04-20 13:10:56,181 - INFO - archivo insumo_ccerac_old.txt recibido enviado por 8 light_yagami
2025-04-20 13:28:03,858 - INFO - API running on port: 5000
2025-04-20 13:28:06,068 - INFO - archivo insumo_ccerac_old.txt recibido enviado por 8 light_yagami
2025-04-20 13:36:04,438 - INFO - API running on port: 5000
2025-04-20 13:36:08,793 - INFO - archivo insumo_ccerac_old.txt recibido enviado por 8 light_yagami
2025-04-20 13:39:26,483 - INFO - API running on port: 5000
2025-04-20 13:39:28,342 - INFO - archivo insumo_ccerac_old.txt recibido enviado por 8 light_yagami
2025-04-20 13:43:05,413 - INFO - API running on port: 5000
2025-04-20 13:43:07,719 - ERROR - Se intento cargar un archivo error: name 'incoming_ruta' is not defined
2025-04-20 13:43:31,659 - INFO - API running on port: 5000
2025-04-20 13:43:34,514 - INFO - archivo insumo_ccerac_old.txt recibido enviado por 8 light_yagami
2025-04-20 13:46:53,455 - INFO - API running on port: 5000
2025-04-20 13:46:57,124 - INFO - archivo insumo_ccerac_old.txt recibido enviado por 8 light_yagami
2025-04-20 13:53:14,782 - INFO - API running on port: 5000
2025-04-20 14:03:00,436 - INFO - API running on port: 5000
2025-04-20 14:03:59,104 - INFO - archivo insumo_ccerac_old.txt recibido enviado por 8 light_yagami
2025-04-20 14:05:19,675 - INFO - API running on port: 5000
2025-04-20 14:05:21,533 - INFO - archivo insumo_ccerac_old.txt recibido enviado por 8 light_yagami
2025-04-20 14:11:07,051 - INFO - API running on port: 5000
2025-04-20 14:11:09,367 - INFO - archivo insumo_ccerac_old.txt recibido enviado por 8 light_yagami
2025-04-20 14:11:09,368 - INFO - archivo generado P:\CODE\py3\api_data_customer\src\incoming\insumo_ccerac_old_20-04-2025_14_11_09.txt enviado por 8 light_yagami
2025-04-20 16:25:31,288 - INFO - API running on port: 5000
2025-04-20 16:26:20,239 - INFO - archivo insumo_ventas.txt recibido enviado por 8 light_yagami
2025-04-20 16:26:20,240 - INFO - archivo generado P:\CODE\py3\api_data_customer\src\incoming\insumo_ventas_20-04-2025_16_26_20.txt enviado por 8 light_yagami
2025-04-20 17:19:03,581 - INFO - API running on port: 5000
2025-04-20 17:21:04,785 - INFO - API running on port: 5000
2025-04-20 17:25:21,315 - INFO - API running on port: 5000
2025-04-20 17:27:17,678 - INFO - API running on port: 5000
2025-04-20 17:27:18,888 - INFO - server request status send ok
2025-04-20 17:27:30,310 - INFO - Lista de usuarios solicitada por 1 - awalker
2025-04-20 17:47:11,915 - INFO - API running on port: 5000
2025-04-20 17:49:54,709 - INFO - server request status send ok
2025-04-20 17:49:58,951 - INFO - Lista de usuarios solicitada por 1 - awalker
2025-04-20 17:51:59,605 - INFO - API running on port: 5000
2025-04-20 17:52:08,280 - INFO - server request status send ok
2025-04-20 17:52:10,769 - INFO - Lista de usuarios solicitada por 1 - awalker
2025-04-20 18:40:29,372 - INFO - API running on port: 5000
2025-04-20 18:40:31,692 - INFO - Lista de usuarios solicitada por 1 - awalker
2025-04-20 18:40:36,746 - ERROR - Se intento cargar un archivo error: iterator should return strings, not bytes (the file should be opened in text mode)
2025-04-20 18:46:37,246 - INFO - API running on port: 5000
2025-04-20 18:47:12,518 - INFO - server request status send ok
2025-04-20 18:47:15,845 - INFO - Lista de usuarios solicitada por 1 - awalker
2025-04-20 18:47:20,585 - ERROR - Se intento cargar un archivo error: could not convert string to float: '33,48'
2025-04-20 18:54:21,566 - INFO - API running on port: 5000
2025-04-20 18:54:24,181 - INFO - archivo insumo_ventas_4725.txt recibido enviado por 8 light_yagami
2025-04-20 18:54:24,182 - INFO - archivo generado P:\CODE\py3\api_data_customer\src\incoming\insumo_ventas_4725_20-04-2025_18_54_24.txt enviado por 8 light_yagami
2025-04-20 19:13:53,061 - INFO - API running on port: 5000
2025-04-20 19:14:46,078 - INFO - API running on port: 5000
2025-04-20 19:15:59,378 - INFO - API running on port: 5000
2025-04-20 19:16:53,474 - INFO - API running on port: 5000
2025-04-20 19:22:53,837 - INFO - API running on port: 5000
2025-04-20 19:22:55,222 - INFO - archivo insumo_ventas_547.txt recibido enviado por 8 light_yagami
2025-04-20 19:22:55,223 - INFO - archivo generado P:\CODE\py3\api_data_customer\src\incoming\insumo_ventas_547_20-04-2025_19_22_55.txt enviado por 8 light_yagami
2025-04-20 20:07:03,379 - INFO - API running on port: 5000
2025-04-20 20:07:05,512 - INFO - archivo insumo_ventas_547.txt recibido enviado por 8 light_yagami
2025-04-20 20:07:05,513 - INFO - archivo generado P:\CODE\py3\api_data_customer\src\incoming\insumo_ventas_547_20-04-2025_20_07_05.txt enviado por 8 light_yagami
2025-04-20 20:07:36,968 - INFO - archivo insumo_ventas_547.txt recibido enviado por 8 light_yagami
2025-04-20 20:07:36,969 - INFO - archivo generado P:\CODE\py3\api_data_customer\src\incoming\insumo_ventas_547_20-04-2025_20_07_36.txt enviado por 8 light_yagami
2025-04-20 20:08:16,281 - INFO - archivo insumo_ventas_547.txt recibido enviado por 8 light_yagami
2025-04-20 20:08:16,281 - INFO - archivo generado P:\CODE\py3\api_data_customer\src\incoming\insumo_ventas_547_20-04-2025_20_08_16.txt enviado por 8 light_yagami
2025-04-20 20:12:57,305 - INFO - API running on port: 5000
2025-04-20 20:12:59,670 - INFO - archivo insumo_ventas_547.txt recibido enviado por 8 light_yagami
2025-04-20 20:12:59,671 - INFO - archivo generado P:\CODE\py3\api_data_customer\src\incoming\insumo_ventas_547_20-04-2025_20_12_59.txt enviado por 8 light_yagami
2025-04-20 20:16:08,197 - INFO - API running on port: 5000
2025-04-20 20:16:10,437 - INFO - archivo insumo_ventas_547.txt recibido enviado por 8 light_yagami
2025-04-20 20:16:10,438 - INFO - archivo generado P:\CODE\py3\api_data_customer\src\incoming\insumo_ventas_547_20-04-2025_20_16_10.txt enviado por 8 light_yagami
2025-04-20 20:17:11,917 - INFO - archivo insumo_ventas_547.txt recibido enviado por 8 light_yagami
2025-04-20 20:17:11,918 - INFO - archivo generado P:\CODE\py3\api_data_customer\src\incoming\insumo_ventas_547_20-04-2025_20_17_11.txt enviado por 8 light_yagami
2025-04-20 20:17:33,757 - INFO - API running on port: 5000
2025-04-20 20:17:37,314 - ERROR - Se intento cargar un archivo error: 'set' object is not subscriptable
2025-04-20 20:20:29,428 - INFO - API running on port: 5000
2025-04-20 20:20:31,993 - INFO - archivo insumo_ventas_547.txt recibido enviado por 8 light_yagami
2025-04-20 20:20:31,995 - INFO - archivo generado P:\CODE\py3\api_data_customer\src\incoming\insumo_ventas_547_20-04-2025_20_20_31.txt enviado por 8 light_yagami
2025-04-20 20:25:58,717 - INFO - API running on port: 5000
2025-04-20 20:26:08,168 - ERROR - Se intento cargar un archivo insumo_ventas_547_20-04-2025_20_26_08.txt con lotes diferentes en los registros {'546', '547'}
2025-04-20 20:26:50,462 - INFO - API running on port: 5000
2025-04-20 20:26:52,855 - ERROR - Se intento cargar un archivo insumo_ventas_547.txt con lotes diferentes en los registros {'547', '546'}
2025-04-20 20:51:00,272 - INFO - API running on port: 5000
2025-04-20 20:51:04,868 - ERROR - Se intento cargar un archivo insumo_ventas_547.txt con lotes diferentes en los registros {'546', '547'} por 8 light_yagami
2025-04-20 20:54:42,222 - INFO - API running on port: 5000
2025-04-20 20:54:50,864 - ERROR - Se intento cargar un archivo insumo_ventas_547.txt con lotes diferentes en los registros {'547', '546'} por 8 light_yagami
2025-04-20 21:02:45,961 - INFO - API running on port: 5000
2025-04-20 21:03:02,939 - INFO - Se cargo en las ventas el lote 547 de pedidos por 8 light_yagami
2025-04-20 21:03:02,940 - INFO - archivo insumo_ventas_547.txt recibido enviado por 8 light_yagami
2025-04-20 21:03:02,941 - INFO - archivo generado P:\CODE\py3\api_data_customer\src\incoming\insumo_ventas_547_20-04-2025_21_03_02.txt enviado por 8 light_yagami
2025-04-20 21:06:04,042 - INFO - API running on port: 5000
2025-04-20 21:06:42,912 - ERROR - Se intento cargar un archivo error: (pymysql.err.OperationalError) (1292, "Incorrect datetime value: '4/7/2025' for column `api_data_customers`.`ventas`.`fecha` at row 1")
[SQL: INSERT INTO `Ventas` (fecha, cedula, cliente_name, direccion, telefono, correo, costo, metodo_pago, estado_pedido, lote) VALUES (%(fecha__0)s, %(cedula__0)s, %(cliente_name__0)s, %(direccion__0)s, %(telefono__0)s, %(correo__0)s, %(costo__0)s, %(metod ... 3521 characters truncated ... (metodo_pago__20)s, %(estado_pedido__20)s, %(lote__20)s) RETURNING `Ventas`.id, `Ventas`.id AS id__1]
[parameters: {'telefono__0': '0414-5506698', 'lote__0': '547', 'metodo_pago__0': 2, 'estado_pedido__0': 4, 'cliente_name__0': 'Jorge Martin', 'direccion__0': 'calle Real de Altavista casa #163 piso 2 ap 2 Catia Caracas Venezuela ', 'correo__0': 'jmcmaster77@gmail.com', 'cedula__0': '15332813', 'costo__0': 27.23, 'fecha__0': '4/7/2025', 'telefono__1': '0414-8735698', 'lote__1': '547', 'metodo_pago__1': 3, 'estado_pedido__1': 4, 'cliente_name__1': 'Luke Skywalker', 'direccion__1': 'Calle Fuerza, 123, Sector Tatooine, Galaxia Lejana', 'correo__1': 'luke.skywalker@galaxyfaraway.com', 'cedula__1': '11234567', 'costo__1': 22.53, 'fecha__1': '4/7/2025', 'telefono__2': '0424-4561984', 'lote__2': '547', 'metodo_pago__2': 1, 'estado_pedido__2': 4, 'cliente_name__2': 'Leia Organa', 'direccion__2': 'Avenida Rebelión, 456, Distrito Alderaan, Galaxia Central', 'correo__2': 'leia.organa@rebellionforce.com', 'cedula__2': '24356789', 'costo__2': 19.03, 'fecha__2': '4/7/2025', 'telefono__3': '0412-7895632', 'lote__3': '547', 'metodo_pago__3': 4, 'estado_pedido__3': 3, 'cliente_name__3': 'Han Solo', 'direccion__3': 'Paseo Halcón, 789, Puerto Corellia, Sistema Estelar', 'correo__3': 'han.solo@millenniumfalcon.com', 'cedula__3': '15478902', 'costo__3': 57.53, 'fecha__3': '4/7/2025', 'telefono__4': '0414-6984523', 'lote__4': '547', 'metodo_pago__4': 2, 'estado_pedido__4': 4, 'cliente_name__4': 'Sarah Connor', 'direccion__4': 'Calle Skynet, 321, Zona Cyberdyne, Ciudad del Futuro', 'correo__4': 'sarah.connor@skynetwatcher.com', 'cedula__4': '28945678', 'costo__4': 56.49, 'fecha__4': '4/7/2025' ... 110 parameters truncated ... 'telefono__16': '0414-6523987', 'lote__16': '547', 'metodo_pago__16': 3, 'estado_pedido__16': 2, 'cliente_name__16': 'Trinity Morpheus', 'direccion__16': 'Calle Libertad, 852, Sector Zion, Mundo Subterráneo', 'correo__16': 'trinity.morpheus@redpilljourney.com', 'cedula__16': '15678903', 'costo__16': 81.82, 'fecha__16': '4/7/2025', 'telefono__17': '0424-8154723', 'lote__17': '547', 'metodo_pago__17': 1, 'estado_pedido__17': 1, 'cliente_name__17': 'Paul Atreides', 'direccion__17': 'Camino Arena, 147, Distrito Arrakis, Dunas Eternas', 'correo__17': 'paul.atreides@arrakislegacy.com', 'cedula__17': '20765432', 'costo__17': 16.01, 'fecha__17': '4/7/2025', 'telefono__18': '0412-6379512', 'lote__18': '547', 'metodo_pago__18': 4, 'estado_pedido__18': 1, 'cliente_name__18': 'Gaius Baltar', 'direccion__18': 'Avenida Ciencia, 951, Sector Cylon, Galáctica 12', 'correo__18': 'gaius.baltar@cylonscience.com', 'cedula__18': '20765432', 'costo__18': 31.18, 'fecha__18': '4/7/2025', 'telefono__19': '0414-8936451', 'lote__19': '547', 'metodo_pago__19': 3, 'estado_pedido__19': 1, 'cliente_name__19': 'Shepard Book', 'direccion__19': 'Calle Serenity, 753, Distrito Firefly, Espacio Inexplorado', 'correo__19': 'shepard.book@serenitycrew.com', 'cedula__19': '20765432', 'costo__19': 83.56, 'fecha__19': '4/7/2025', 'telefono__20': '0424-5782163', 'lote__20': '547', 'metodo_pago__20': 1, 'estado_pedido__20': 4, 'cliente_name__20': 'Kara Thrace', 'direccion__20': 'Camino Estelar, 369, Sector Colonial, Flota Espacial', 'correo__20': 'kara.thrace@galacticpilots.com', 'cedula__20': '19876543', 'costo__20': 20.45, 'fecha__20': '4/7/2025'}]
(Background on this error at: https://sqlalche.me/e/20/e3q8)
2025-04-20 21:15:17,115 - INFO - API running on port: 5000
2025-04-20 21:15:58,961 - INFO - Se cargo en las ventas el lote 547 de pedidos por 8 light_yagami
2025-04-20 21:15:58,962 - INFO - archivo insumo_ventas_547.txt recibido enviado por 8 light_yagami
2025-04-20 21:15:58,963 - INFO - archivo generado P:\CODE\py3\api_data_customer\src\incoming\insumo_ventas_547_20-04-2025_21_15_58.txt enviado por 8 light_yagami
2025-04-20 21:18:07,511 - ERROR - Se intento cargar un archivo insumo_ventas_547.txt pero el 547 ya existe en la BD por 8 light_yagami
2025-04-20 21:18:29,289 - INFO - server request status send ok
2025-04-20 21:18:31,902 - INFO - Lista de usuarios solicitada por 1 - awalker
2025-04-20 21:18:43,158 - INFO - Se cargo en las ventas el lote 548 de pedidos por 8 light_yagami
2025-04-20 21:18:43,159 - INFO - archivo insumo_ventas_548.txt recibido enviado por 8 light_yagami
2025-04-20 21:18:43,160 - INFO - archivo generado P:\CODE\py3\api_data_customer\src\incoming\insumo_ventas_548_20-04-2025_21_18_43.txt enviado por 8 light_yagami
2025-04-20 21:18:54,057 - INFO - Se cargo en las ventas el lote 549 de pedidos por 8 light_yagami
2025-04-20 21:18:54,058 - INFO - archivo insumo_ventas_549.txt recibido enviado por 8 light_yagami
2025-04-20 21:18:54,059 - INFO - archivo generado P:\CODE\py3\api_data_customer\src\incoming\insumo_ventas_549_20-04-2025_21_18_54.txt enviado por 8 light_yagami
